<?xml version="1.0" encoding="UTF-8"?>
<!-- Generated by org.testng.reporters.JUnitXMLReporter -->
<testsuite hostname="LAPTOP-EPJ64RFC" name="Default test" tests="5" failures="0" timestamp="7 May 2020 01:27:20 GMT" time="265.455" errors="0">
  <testcase name="verifyContactsPageTitle" time="1.69" classname="com.qa.hubspot.tests.ContactsPageTest"/>
  <testcase name="createContactsTest" time="19.805" classname="com.qa.hubspot.tests.ContactsPageTest"/>
  <testcase name="createContactsTest" time="24.094" classname="com.qa.hubspot.tests.ContactsPageTest"/>
  <testcase name="createContactsTest" time="25.792" classname="com.qa.hubspot.tests.ContactsPageTest"/>
  <testcase name="createContactsTest" time="24.835" classname="com.qa.hubspot.tests.ContactsPageTest"/>
</testsuite> <!-- Default test -->
