<?xml version="1.0" encoding="UTF-8"?>
<testng-results skipped="0" failed="0" ignored="0" total="3" passed="3">
  <reporter-output>
  </reporter-output>
  <suite name="Hub Spot Suite" duration-ms="47491" started-at="2020-06-15T03:00:25Z" finished-at="2020-06-15T03:01:13Z">
    <groups>
      <group name="sanity">
        <method signature="HomePageTest.verifyHomePageTitleTest()[pri:1, instance:com.qa.hubspot.tests.HomePageTest@3d08f3f5]" name="verifyHomePageTitleTest" class="com.qa.hubspot.tests.HomePageTest"/>
      </group> <!-- sanity -->
    </groups>
    <test name="Hub Spot Functional Regression Test" duration-ms="47491" started-at="2020-06-15T03:00:25Z" finished-at="2020-06-15T03:01:13Z">
      <class name="com.qa.hubspot.tests.HomePageTest">
        <test-method status="PASS" signature="setUp()[pri:0, instance:com.qa.hubspot.tests.HomePageTest@3d08f3f5]" name="setUp" is-config="true" duration-ms="35363" started-at="2020-06-15T03:00:26Z" finished-at="2020-06-15T03:01:01Z">
          <reporter-output>
          </reporter-output>
        </test-method> <!-- setUp -->
        <test-method status="PASS" signature="verifyHomePageTitleTest()[pri:1, instance:com.qa.hubspot.tests.HomePageTest@3d08f3f5]" name="verifyHomePageTitleTest" duration-ms="3734" started-at="2020-06-15T03:01:01Z" finished-at="2020-06-15T03:01:05Z">
          <reporter-output>
          </reporter-output>
        </test-method> <!-- verifyHomePageTitleTest -->
        <test-method status="PASS" signature="verifyHomePageHeaderTest()[pri:2, instance:com.qa.hubspot.tests.HomePageTest@3d08f3f5]" name="verifyHomePageHeaderTest" duration-ms="5604" started-at="2020-06-15T03:01:05Z" finished-at="2020-06-15T03:01:11Z">
          <reporter-output>
          </reporter-output>
        </test-method> <!-- verifyHomePageHeaderTest -->
        <test-method status="PASS" signature="verifyHomePageAddReportTest()[pri:3, instance:com.qa.hubspot.tests.HomePageTest@3d08f3f5]" name="verifyHomePageAddReportTest" duration-ms="1046" started-at="2020-06-15T03:01:11Z" finished-at="2020-06-15T03:01:12Z">
          <reporter-output>
          </reporter-output>
        </test-method> <!-- verifyHomePageAddReportTest -->
        <test-method status="PASS" signature="tearDown()[pri:0, instance:com.qa.hubspot.tests.HomePageTest@3d08f3f5]" name="tearDown" is-config="true" duration-ms="1261" started-at="2020-06-15T03:01:12Z" finished-at="2020-06-15T03:01:13Z">
          <reporter-output>
          </reporter-output>
        </test-method> <!-- tearDown -->
      </class> <!-- com.qa.hubspot.tests.HomePageTest -->
    </test> <!-- Hub Spot Functional Regression Test -->
  </suite> <!-- Hub Spot Suite -->
</testng-results>
