<?xml version="1.0" encoding="UTF-8"?>
<!-- Generated by org.testng.reporters.JUnitXMLReporter -->
<testsuite hostname="LAPTOP-EPJ64RFC" name="Hub Spot Functional Regression Test" tests="3" failures="0" timestamp="15 Jun 2020 02:57:52 GMT" time="48.178" errors="0">
  <testcase name="verifyHomePageTitleTest" time="4.18" classname="com.qa.hubspot.tests.HomePageTest"/>
  <testcase name="verifyHomePageHeaderTest" time="5.794" classname="com.qa.hubspot.tests.HomePageTest"/>
  <testcase name="verifyHomePageAddReportTest" time="1.089" classname="com.qa.hubspot.tests.HomePageTest"/>
</testsuite> <!-- Hub Spot Functional Regression Test -->
