<?xml version="1.0" encoding="UTF-8"?>
<!-- Generated by org.testng.reporters.JUnitXMLReporter -->
<testsuite hostname="LAPTOP-EPJ64RFC" ignored="0" name="Hub Spot Functional Regression Test" tests="3" failures="0" timestamp="15 Jun 2020 03:01:13 GMT" time="47.491" errors="0">
  <testcase name="verifyHomePageTitleTest" time="3.734" classname="com.qa.hubspot.tests.HomePageTest"/>
  <testcase name="verifyHomePageHeaderTest" time="5.604" classname="com.qa.hubspot.tests.HomePageTest"/>
  <testcase name="verifyHomePageAddReportTest" time="1.046" classname="com.qa.hubspot.tests.HomePageTest"/>
</testsuite> <!-- Hub Spot Functional Regression Test -->
